{"/home/olya/project-management-main-1/src/components/Button.jsx": {"path":"/home/olya/project-management-main-1/src/components/Button.jsx","statementMap":{"0":{"start":{"line":4,"column":2},"end":{"line":11,"column":4}}},"fnMap":{"0":{"name":"Button","decl":{"start":{"line":3,"column":9},"end":{"line":3,"column":15}},"loc":{"start":{"line":3,"column":40},"end":{"line":12,"column":1}},"line":3}},"branchMap":{},"s":{"0":58},"f":{"0":58},"b":{},"_coverageSchema":"1a1c01bbd47fc00a2c39e90264f33305004495a9","hash":"f7d3f17eaf37954dc41d02de0a875df04a775455"}
,"/home/olya/project-management-main-1/src/components/Input.jsx": {"path":"/home/olya/project-management-main-1/src/components/Input.jsx","statementMap":{"0":{"start":{"line":24,"column":14},"end":{"line":48,"column":2}},"1":{"start":{"line":25,"column":18},"end":{"line":25,"column":68}},"2":{"start":{"line":27,"column":2},"end":{"line":47,"column":4}}},"fnMap":{"0":{"name":"(anonymous_0)","decl":{"start":{"line":24,"column":31},"end":{"line":24,"column":32}},"loc":{"start":{"line":24,"column":84},"end":{"line":48,"column":1}},"line":24}},"branchMap":{"0":{"loc":{"start":{"line":24,"column":41},"end":{"line":24,"column":54}},"type":"default-arg","locations":[{"start":{"line":24,"column":48},"end":{"line":24,"column":54}}],"line":24},"1":{"loc":{"start":{"line":24,"column":56},"end":{"line":24,"column":72}},"type":"default-arg","locations":[{"start":{"line":24,"column":67},"end":{"line":24,"column":72}}],"line":24},"2":{"loc":{"start":{"line":32,"column":7},"end":{"line":45,"column":7}},"type":"cond-expr","locations":[{"start":{"line":33,"column":8},"end":{"line":37,"column":10}},{"start":{"line":39,"column":8},"end":{"line":44,"column":10}}],"line":32}},"s":{"0":2,"1":96,"2":96},"f":{"0":96},"b":{"0":[32],"1":[64],"2":[32,64]},"_coverageSchema":"1a1c01bbd47fc00a2c39e90264f33305004495a9","hash":"d561470a74a1c7017249381724ccb13afe53ae01"}
,"/home/olya/project-management-main-1/src/components/Modal.jsx": {"path":"/home/olya/project-management-main-1/src/components/Modal.jsx","statementMap":{"0":{"start":{"line":5,"column":14},"end":{"line":23,"column":2}},"1":{"start":{"line":6,"column":17},"end":{"line":6,"column":25}},"2":{"start":{"line":7,"column":2},"end":{"line":13,"column":5}},"3":{"start":{"line":8,"column":4},"end":{"line":12,"column":6}},"4":{"start":{"line":10,"column":8},"end":{"line":10,"column":35}},"5":{"start":{"line":14,"column":2},"end":{"line":22,"column":4}}},"fnMap":{"0":{"name":"Modal","decl":{"start":{"line":5,"column":34},"end":{"line":5,"column":39}},"loc":{"start":{"line":5,"column":74},"end":{"line":23,"column":1}},"line":5},"1":{"name":"(anonymous_1)","decl":{"start":{"line":7,"column":27},"end":{"line":7,"column":28}},"loc":{"start":{"line":7,"column":33},"end":{"line":13,"column":3}},"line":7},"2":{"name":"(anonymous_2)","decl":{"start":{"line":9,"column":6},"end":{"line":9,"column":7}},"loc":{"start":{"line":9,"column":13},"end":{"line":11,"column":7}},"line":9}},"branchMap":{},"s":{"0":4,"1":58,"2":58,"3":58,"4":13,"5":58},"f":{"0":58,"1":58,"2":13},"b":{},"_coverageSchema":"1a1c01bbd47fc00a2c39e90264f33305004495a9","hash":"b74097359051a56914228d044d371eef30d22d2a"}
,"/home/olya/project-management-main-1/src/components/NewProject.jsx": {"path":"/home/olya/project-management-main-1/src/components/NewProject.jsx","statementMap":{"0":{"start":{"line":6,"column":16},"end":{"line":6,"column":30}},"1":{"start":{"line":8,"column":16},"end":{"line":8,"column":30}},"2":{"start":{"line":9,"column":22},"end":{"line":9,"column":36}},"3":{"start":{"line":10,"column":18},"end":{"line":10,"column":32}},"4":{"start":{"line":12,"column":42},"end":{"line":12,"column":108}},"5":{"start":{"line":15,"column":25},"end":{"line":15,"column":44}},"6":{"start":{"line":16,"column":31},"end":{"line":16,"column":56}},"7":{"start":{"line":17,"column":27},"end":{"line":17,"column":48}},"8":{"start":{"line":20,"column":4},"end":{"line":28,"column":5}},"9":{"start":{"line":25,"column":6},"end":{"line":25,"column":91}},"10":{"start":{"line":26,"column":6},"end":{"line":26,"column":27}},"11":{"start":{"line":27,"column":6},"end":{"line":27,"column":13}},"12":{"start":{"line":32,"column":4},"end":{"line":36,"column":5}},"13":{"start":{"line":33,"column":6},"end":{"line":33,"column":68}},"14":{"start":{"line":34,"column":6},"end":{"line":34,"column":27}},"15":{"start":{"line":35,"column":6},"end":{"line":35,"column":13}},"16":{"start":{"line":39,"column":4},"end":{"line":43,"column":5}},"17":{"start":{"line":40,"column":6},"end":{"line":40,"column":75}},"18":{"start":{"line":41,"column":6},"end":{"line":41,"column":27}},"19":{"start":{"line":42,"column":6},"end":{"line":42,"column":13}},"20":{"start":{"line":46,"column":18},"end":{"line":46,"column":28}},"21":{"start":{"line":47,"column":25},"end":{"line":47,"column":49}},"22":{"start":{"line":48,"column":4},"end":{"line":52,"column":5}},"23":{"start":{"line":49,"column":6},"end":{"line":49,"column":86}},"24":{"start":{"line":50,"column":6},"end":{"line":50,"column":27}},"25":{"start":{"line":51,"column":6},"end":{"line":51,"column":13}},"26":{"start":{"line":55,"column":4},"end":{"line":59,"column":7}},"27":{"start":{"line":62,"column":2},"end":{"line":92,"column":4}}},"fnMap":{"0":{"name":"NewProject","decl":{"start":{"line":5,"column":9},"end":{"line":5,"column":19}},"loc":{"start":{"line":5,"column":41},"end":{"line":93,"column":1}},"line":5},"1":{"name":"handleSave","decl":{"start":{"line":14,"column":11},"end":{"line":14,"column":21}},"loc":{"start":{"line":14,"column":24},"end":{"line":60,"column":3}},"line":14}},"branchMap":{"0":{"loc":{"start":{"line":20,"column":4},"end":{"line":28,"column":5}},"type":"if","locations":[{"start":{"line":20,"column":4},"end":{"line":28,"column":5}},{"start":{},"end":{}}],"line":20},"1":{"loc":{"start":{"line":21,"column":6},"end":{"line":23,"column":34}},"type":"binary-expr","locations":[{"start":{"line":21,"column":6},"end":{"line":21,"column":32}},{"start":{"line":22,"column":6},"end":{"line":22,"column":38}},{"start":{"line":23,"column":6},"end":{"line":23,"column":34}}],"line":21},"2":{"loc":{"start":{"line":32,"column":4},"end":{"line":36,"column":5}},"type":"if","locations":[{"start":{"line":32,"column":4},"end":{"line":36,"column":5}},{"start":{},"end":{}}],"line":32},"3":{"loc":{"start":{"line":32,"column":8},"end":{"line":32,"column":59}},"type":"binary-expr","locations":[{"start":{"line":32,"column":8},"end":{"line":32,"column":31}},{"start":{"line":32,"column":35},"end":{"line":32,"column":59}}],"line":32},"4":{"loc":{"start":{"line":39,"column":4},"end":{"line":43,"column":5}},"type":"if","locations":[{"start":{"line":39,"column":4},"end":{"line":43,"column":5}},{"start":{},"end":{}}],"line":39},"5":{"loc":{"start":{"line":39,"column":8},"end":{"line":39,"column":72}},"type":"binary-expr","locations":[{"start":{"line":39,"column":8},"end":{"line":39,"column":37}},{"start":{"line":39,"column":41},"end":{"line":39,"column":72}}],"line":39},"6":{"loc":{"start":{"line":48,"column":4},"end":{"line":52,"column":5}},"type":"if","locations":[{"start":{"line":48,"column":4},"end":{"line":52,"column":5}},{"start":{},"end":{}}],"line":48}},"s":{"0":32,"1":32,"2":32,"3":32,"4":32,"5":22,"6":22,"7":22,"8":22,"9":3,"10":3,"11":3,"12":19,"13":2,"14":2,"15":2,"16":17,"17":2,"18":2,"19":2,"20":15,"21":15,"22":15,"23":3,"24":3,"25":3,"26":12,"27":32},"f":{"0":32,"1":22},"b":{"0":[3,19],"1":[22,21,20],"2":[2,17],"3":[19,18],"4":[2,15],"5":[17,16],"6":[3,12]},"_coverageSchema":"1a1c01bbd47fc00a2c39e90264f33305004495a9","hash":"96b9c676d98ec44936652e3d3d4e5efc4d8cff14"}
,"/home/olya/project-management-main-1/src/components/NewTask.jsx": {"path":"/home/olya/project-management-main-1/src/components/NewTask.jsx","statementMap":{"0":{"start":{"line":5,"column":16},"end":{"line":5,"column":30}},"1":{"start":{"line":6,"column":40},"end":{"line":6,"column":58}},"2":{"start":{"line":7,"column":42},"end":{"line":7,"column":60}},"3":{"start":{"line":10,"column":4},"end":{"line":10,"column":39}},"4":{"start":{"line":14,"column":24},"end":{"line":14,"column":42}},"5":{"start":{"line":17,"column":4},"end":{"line":21,"column":5}},"6":{"start":{"line":18,"column":6},"end":{"line":18,"column":74}},"7":{"start":{"line":19,"column":6},"end":{"line":19,"column":27}},"8":{"start":{"line":20,"column":6},"end":{"line":20,"column":13}},"9":{"start":{"line":24,"column":4},"end":{"line":28,"column":5}},"10":{"start":{"line":25,"column":6},"end":{"line":25,"column":66}},"11":{"start":{"line":26,"column":6},"end":{"line":26,"column":27}},"12":{"start":{"line":27,"column":6},"end":{"line":27,"column":13}},"13":{"start":{"line":31,"column":4},"end":{"line":35,"column":5}},"14":{"start":{"line":32,"column":6},"end":{"line":32,"column":59}},"15":{"start":{"line":33,"column":6},"end":{"line":33,"column":27}},"16":{"start":{"line":34,"column":6},"end":{"line":34,"column":13}},"17":{"start":{"line":38,"column":4},"end":{"line":38,"column":23}},"18":{"start":{"line":39,"column":4},"end":{"line":39,"column":23}},"19":{"start":{"line":42,"column":2},"end":{"line":66,"column":4}}},"fnMap":{"0":{"name":"NewTask","decl":{"start":{"line":4,"column":9},"end":{"line":4,"column":16}},"loc":{"start":{"line":4,"column":28},"end":{"line":67,"column":1}},"line":4},"1":{"name":"handleChange","decl":{"start":{"line":9,"column":11},"end":{"line":9,"column":23}},"loc":{"start":{"line":9,"column":31},"end":{"line":11,"column":3}},"line":9},"2":{"name":"handleClick","decl":{"start":{"line":13,"column":11},"end":{"line":13,"column":22}},"loc":{"start":{"line":13,"column":25},"end":{"line":40,"column":3}},"line":13}},"branchMap":{"0":{"loc":{"start":{"line":17,"column":4},"end":{"line":21,"column":5}},"type":"if","locations":[{"start":{"line":17,"column":4},"end":{"line":21,"column":5}},{"start":{},"end":{}}],"line":17},"1":{"loc":{"start":{"line":24,"column":4},"end":{"line":28,"column":5}},"type":"if","locations":[{"start":{"line":24,"column":4},"end":{"line":28,"column":5}},{"start":{},"end":{}}],"line":24},"2":{"loc":{"start":{"line":31,"column":4},"end":{"line":35,"column":5}},"type":"if","locations":[{"start":{"line":31,"column":4},"end":{"line":35,"column":5}},{"start":{},"end":{}}],"line":31}},"s":{"0":26,"1":26,"2":26,"3":8,"4":9,"5":9,"6":1,"7":1,"8":1,"9":8,"10":1,"11":1,"12":1,"13":7,"14":1,"15":1,"16":1,"17":6,"18":6,"19":26},"f":{"0":26,"1":8,"2":9},"b":{"0":[1,8],"1":[1,7],"2":[1,6]},"_coverageSchema":"1a1c01bbd47fc00a2c39e90264f33305004495a9","hash":"aa3346ada553b383d41148d41cb3fd18ded7fb24"}
}
