TN:
SF:src/components/Button.jsx
FN:3,Button
FNF:1
FNH:1
FNDA:58,Button
DA:4,58
LF:1
LH:1
BRF:0
BRH:0
end_of_record
TN:
SF:src/components/Input.jsx
FN:24,(anonymous_0)
FNF:1
FNH:1
FNDA:96,(anonymous_0)
DA:24,2
DA:25,96
DA:27,96
LF:3
LH:3
BRDA:24,0,0,32
BRDA:24,1,0,64
BRDA:32,2,0,32
BRDA:32,2,1,64
BRF:4
BRH:4
end_of_record
TN:
SF:src/components/Modal.jsx
FN:5,Modal
FN:7,(anonymous_1)
FN:9,(anonymous_2)
FNF:3
FNH:3
FNDA:58,Modal
FNDA:58,(anonymous_1)
FNDA:13,(anonymous_2)
DA:5,4
DA:6,58
DA:7,58
DA:8,58
DA:10,13
DA:14,58
LF:6
LH:6
BRF:0
BRH:0
end_of_record
TN:
SF:src/components/NewProject.jsx
FN:5,NewProject
FN:14,handleSave
FNF:2
FNH:2
FNDA:32,NewProject
FNDA:22,handleSave
DA:6,32
DA:8,32
DA:9,32
DA:10,32
DA:12,32
DA:15,22
DA:16,22
DA:17,22
DA:20,22
DA:25,3
DA:26,3
DA:27,3
DA:32,19
DA:33,2
DA:34,2
DA:35,2
DA:39,17
DA:40,2
DA:41,2
DA:42,2
DA:46,15
DA:47,15
DA:48,15
DA:49,3
DA:50,3
DA:51,3
DA:55,12
DA:62,32
LF:28
LH:28
BRDA:20,0,0,3
BRDA:20,0,1,19
BRDA:21,1,0,22
BRDA:21,1,1,21
BRDA:21,1,2,20
BRDA:32,2,0,2
BRDA:32,2,1,17
BRDA:32,3,0,19
BRDA:32,3,1,18
BRDA:39,4,0,2
BRDA:39,4,1,15
BRDA:39,5,0,17
BRDA:39,5,1,16
BRDA:48,6,0,3
BRDA:48,6,1,12
BRF:15
BRH:15
end_of_record
TN:
SF:src/components/NewTask.jsx
FN:4,NewTask
FN:9,handleChange
FN:13,handleClick
FNF:3
FNH:3
FNDA:26,NewTask
FNDA:8,handleChange
FNDA:9,handleClick
DA:5,26
DA:6,26
DA:7,26
DA:10,8
DA:14,9
DA:17,9
DA:18,1
DA:19,1
DA:20,1
DA:24,8
DA:25,1
DA:26,1
DA:27,1
DA:31,7
DA:32,1
DA:33,1
DA:34,1
DA:38,6
DA:39,6
DA:42,26
LF:20
LH:20
BRDA:17,0,0,1
BRDA:17,0,1,8
BRDA:24,1,0,1
BRDA:24,1,1,7
BRDA:31,2,0,1
BRDA:31,2,1,6
BRF:6
BRH:6
end_of_record
